D:\учёба 2 курс\UCHEBA 4SEM\АПК\Лабы\ME\LAB_5_WIN\DLLIBRARY\DEBUG\DLLIBRARY.OBJ
D:\УЧЁБА 2 КУРС\UCHEBA 4SEM\АПК\ЛАБЫ\ME\LAB_5_WIN\DLLIBRARY\DEBUG\VC110.PDB
D:\учёба 2 курс\Ucheba 4sem\АПК\Лабы\Me\LAB_5_WIN\Debug\DLLibrary.lib
D:\учёба 2 курс\Ucheba 4sem\АПК\Лабы\Me\LAB_5_WIN\Debug\DLLibrary.exp
D:\учёба 2 курс\UCHEBA 4SEM\АПК\Лабы\ME\LAB_5_WIN\DEBUG\DLLIBRARY.ILK
D:\учёба 2 курс\UCHEBA 4SEM\АПК\Лабы\ME\LAB_5_WIN\DEBUG\DLLIBRARY.DLL
D:\УЧЁБА 2 КУРС\UCHEBA 4SEM\АПК\ЛАБЫ\ME\LAB_5_WIN\DEBUG\DLLIBRARY.PDB
D:\учёба 2 курс\Ucheba 4sem\АПК\Лабы\Me\LAB_5_WIN\DLLibrary\Debug\DLLibrary.obj
D:\учёба 2 курс\Ucheba 4sem\АПК\Лабы\Me\LAB_5_WIN\DLLibrary\Debug\cl.command.1.tlog
D:\учёба 2 курс\Ucheba 4sem\АПК\Лабы\Me\LAB_5_WIN\DLLibrary\Debug\CL.read.1.tlog
D:\учёба 2 курс\Ucheba 4sem\АПК\Лабы\Me\LAB_5_WIN\DLLibrary\Debug\CL.write.1.tlog
D:\учёба 2 курс\Ucheba 4sem\АПК\Лабы\Me\LAB_5_WIN\DLLibrary\Debug\DLLibrary.write.1.tlog
D:\учёба 2 курс\Ucheba 4sem\АПК\Лабы\Me\LAB_5_WIN\DLLibrary\Debug\link-cvtres.read.1.tlog
D:\учёба 2 курс\Ucheba 4sem\АПК\Лабы\Me\LAB_5_WIN\DLLibrary\Debug\link-cvtres.write.1.tlog
D:\учёба 2 курс\Ucheba 4sem\АПК\Лабы\Me\LAB_5_WIN\DLLibrary\Debug\link-rc.read.1.tlog
D:\учёба 2 курс\Ucheba 4sem\АПК\Лабы\Me\LAB_5_WIN\DLLibrary\Debug\link-rc.write.1.tlog
D:\учёба 2 курс\Ucheba 4sem\АПК\Лабы\Me\LAB_5_WIN\DLLibrary\Debug\link.command.1.tlog
D:\учёба 2 курс\Ucheba 4sem\АПК\Лабы\Me\LAB_5_WIN\DLLibrary\Debug\link.read.1.tlog
D:\учёба 2 курс\Ucheba 4sem\АПК\Лабы\Me\LAB_5_WIN\DLLibrary\Debug\link.write.1.tlog
D:\учёба 2 курс\Ucheba 4sem\АПК\Лабы\Me\LAB_5_WIN\DLLibrary\Debug\vc110.idb
D:\учёба 2 курс\Ucheba 4sem\АПК\Лабы\Me\LAB_5_WIN\DLLibrary\Debug\vc110.pdb
D:\учёба 2 курс\Ucheba 4sem\АПК\Лабы\Me\LAB_5_WIN\Debug\DLLibrary.pdb
D:\учёба 2 курс\Ucheba 4sem\АПК\Лабы\Me\LAB_5_WIN\Debug\DLLibrary.dll
D:\учёба 2 курс\Ucheba 4sem\АПК\Лабы\Me\LAB_5_WIN\Debug\DLLibrary.ilk
